#
# There is insufficient memory for the Java Runtime Environment to continue.
# Native memory allocation (mmap) failed to map 524288000 bytes for G1 virtual space
# Possible reasons:
#   The system is out of physical RAM or swap space
#   The process is running with CompressedOops enabled, and the Java Heap may be blocking the growth of the native heap
# Possible solutions:
#   Reduce memory load on the system
#   Increase physical memory or swap space
#   Check if swap backing store is full
#   Decrease Java heap size (-Xmx/-Xms)
#   Decrease number of Java threads
#   Decrease Java thread stack sizes (-Xss)
#   Set larger code cache with -XX:ReservedCodeCacheSize=
#   JVM is running with Zero Based Compressed Oops mode in which the Java heap is
#     placed in the first 32GB address space. The Java Heap base address is the
#     maximum limit for the native heap growth. Please use -XX:HeapBaseMinAddress
#     to set the Java Heap base and to place the Java Heap above 32GB virtual address.
# This output file may be truncated or incomplete.
#
#  Out of Memory Error (os_windows.cpp:3528), pid=5500, tid=2384
#
# JRE version: Java(TM) SE Runtime Environment (20.0.2+9) (build 20.0.2+9-78)
# Java VM: Java HotSpot(TM) 64-Bit Server VM (20.0.2+9-78, mixed mode, sharing, tiered, compressed oops, compressed class ptrs, g1 gc, windows-amd64)
# No core dump will be written. Minidumps are not enabled by default on client versions of Windows
#

---------------  S U M M A R Y ------------

Command Line: org.languagetool.server.HTTPServer -p 8081

Host: Intel(R) Core(TM) i3-7020U CPU @ 2.30GHz, 4 cores, 11G,  Windows 10 , 64 bit Build 19041 (10.0.19041.3636)
Time: Thu May  9 13:43:42 2024 India Standard Time elapsed time: 2.801930 seconds (0d 0h 0m 2s)

---------------  T H R E A D  ---------------

Current thread (0x00000203feaf85a0):  VMThread "VM Thread" [stack: 0x0000005857a00000,0x0000005857b00000] [id=2384]

Stack: [0x0000005857a00000,0x0000005857b00000]
Native frames: (J=compiled Java code, j=interpreted, Vv=VM code, C=native code)
V  [jvm.dll+0x6bc25a]
V  [jvm.dll+0x84971a]
V  [jvm.dll+0x84b315]
V  [jvm.dll+0x84ba13]
V  [jvm.dll+0x280e4f]
V  [jvm.dll+0x6b8fe9]
V  [jvm.dll+0x6adbca]
V  [jvm.dll+0x35b165]
V  [jvm.dll+0x363386]
V  [jvm.dll+0x3b400e]
V  [jvm.dll+0x3b4295]
V  [jvm.dll+0x32b86a]
V  [jvm.dll+0x32b917]
V  [jvm.dll+0x373cc2]
V  [jvm.dll+0x3724c0]
V  [jvm.dll+0x32afb1]
V  [jvm.dll+0x371ba6]
V  [jvm.dll+0x85135e]
V  [jvm.dll+0x852471]
V  [jvm.dll+0x852979]
V  [jvm.dll+0x852bf3]
V  [jvm.dll+0x7f5c76]
V  [jvm.dll+0x6baecb]
C  [ucrtbase.dll+0x21bb2]
C  [KERNEL32.DLL+0x17344]
C  [ntdll.dll+0x526b1]

VM_Operation (0x00000058574fd1d0): G1CollectForAllocation, mode: safepoint, requested by thread 0x00000203e6456750


---------------  P R O C E S S  ---------------

Threads class SMR info:
_java_thread_list=0x00000203cafbcf90, length=14, elements={
0x00000203e6456750, 0x00000203feb19f20, 0x00000203feb1bed0, 0x00000203feb1d7e0,
0x00000203feb21240, 0x00000203feb23ed0, 0x00000203feb265d0, 0x00000203feb28000,
0x00000203feb28730, 0x00000203ca0c0520, 0x00000203ca0c7f40, 0x00000203ca6bd160,
0x00000203ca8f4430, 0x00000203ca8f4e70
}

Java Threads: ( => current thread )
  0x00000203e6456750 JavaThread "main" [_thread_blocked, id=13400, stack(0x0000005857400000,0x0000005857500000)]
  0x00000203feb19f20 JavaThread "Reference Handler" daemon [_thread_blocked, id=12792, stack(0x0000005857b00000,0x0000005857c00000)]
  0x00000203feb1bed0 JavaThread "Finalizer" daemon [_thread_blocked, id=8244, stack(0x0000005857c00000,0x0000005857d00000)]
  0x00000203feb1d7e0 JavaThread "Signal Dispatcher" daemon [_thread_blocked, id=18240, stack(0x0000005857d00000,0x0000005857e00000)]
  0x00000203feb21240 JavaThread "Attach Listener" daemon [_thread_blocked, id=13236, stack(0x0000005857e00000,0x0000005857f00000)]
  0x00000203feb23ed0 JavaThread "Service Thread" daemon [_thread_blocked, id=16664, stack(0x0000005857f00000,0x0000005858000000)]
  0x00000203feb265d0 JavaThread "Monitor Deflation Thread" daemon [_thread_blocked, id=13944, stack(0x0000005858000000,0x0000005858100000)]
  0x00000203feb28000 JavaThread "C2 CompilerThread0" daemon [_thread_blocked, id=15468, stack(0x0000005858100000,0x0000005858200000)]
  0x00000203feb28730 JavaThread "C1 CompilerThread0" daemon [_thread_blocked, id=1776, stack(0x0000005858200000,0x0000005858300000)]
  0x00000203ca0c0520 JavaThread "Notification Thread" daemon [_thread_blocked, id=16916, stack(0x0000005858300000,0x0000005858400000)]
  0x00000203ca0c7f40 JavaThread "Common-Cleaner" daemon [_thread_blocked, id=6624, stack(0x0000005858500000,0x0000005858600000)]
  0x00000203ca6bd160 JavaThread "C2 CompilerThread1" daemon [_thread_blocked, id=12188, stack(0x0000005858600000,0x0000005858700000)]
  0x00000203ca8f4430 JavaThread "LtThreadPoolMonitor" daemon [_thread_blocked, id=9776, stack(0x0000005858a00000,0x0000005858b00000)]
  0x00000203ca8f4e70 JavaThread "LtThreadPoolExecutorMonitor" daemon [_thread_blocked, id=17788, stack(0x0000005858b00000,0x0000005858c00000)]

Other Threads:
=>0x00000203feaf85a0 VMThread "VM Thread" [stack: 0x0000005857a00000,0x0000005857b00000] [id=2384]
  0x00000203ca0c5ad0 WatcherThread "VM Periodic Task Thread" [stack: 0x0000005858400000,0x0000005858500000] [id=5276]
  0x00000203e64acf20 WorkerThread "GC Thread#0" [stack: 0x0000005857500000,0x0000005857600000] [id=8708]
  0x00000203cad6acb0 WorkerThread "GC Thread#1" [stack: 0x0000005858700000,0x0000005858800000] [id=13048]
  0x00000203caaf1570 WorkerThread "GC Thread#2" [stack: 0x0000005858800000,0x0000005858900000] [id=2548]
  0x00000203ca7eca40 WorkerThread "GC Thread#3" [stack: 0x0000005858900000,0x0000005858a00000] [id=13160]
  0x00000203e64b96d0 ConcurrentGCThread "G1 Main Marker" [stack: 0x0000005857600000,0x0000005857700000] [id=16704]
  0x00000203e64ba8a0 WorkerThread "G1 Conc#0" [stack: 0x0000005857700000,0x0000005857800000] [id=16048]
  0x00000203e6515ff0 ConcurrentGCThread "G1 Refine#0" [stack: 0x0000005857800000,0x0000005857900000] [id=10288]
  0x00000203e6516a90 ConcurrentGCThread "G1 Service" [stack: 0x0000005857900000,0x0000005857a00000] [id=8356]

Threads with active compile tasks:
C2 CompilerThread0     2842 1633 %     4       java.util.HashMap::resize @ 235 (356 bytes)
C2 CompilerThread1     2843 1631       4       java.util.regex.Pattern$CharPropertyGreedy::match (160 bytes)

VM state: at safepoint (normal execution)

VM Mutex/Monitor currently owned by a thread:  ([mutex/lock_event])
[0x00000203e43dba90] Threads_lock - owner thread: 0x00000203feaf85a0
[0x00000203e43da140] Heap_lock - owner thread: 0x00000203e6456750

Heap address: 0x0000000749000000, size: 2928 MB, Compressed Oops mode: Zero based, Oop shift amount: 3

CDS archive(s) mapped at: [0x0000020385000000-0x0000020385c60000-0x0000020385c60000), size 12976128, SharedBaseAddress: 0x0000020385000000, ArchiveRelocationMode: 1.
Compressed class space mapped at: 0x0000020386000000-0x00000203c6000000, reserved size: 1073741824
Narrow klass base: 0x0000020385000000, Narrow klass shift: 0, Narrow klass range: 0x100000000

GC Precious Log:
 CardTable entry size: 512
 Card Set container configuration: InlinePtr #cards 4 size 8 Array Of Cards #cards 16 size 48 Howl #buckets 8 coarsen threshold 3686 Howl Bitmap #cards 512 size 80 coarsen threshold 460 Card regions per heap region 1 cards per card region 4096
 CPUs: 4 total, 4 available
 Memory: 11709M
 Large Page Support: Disabled
 NUMA Support: Disabled
 Compressed Oops: Enabled (Zero based)
 Heap Region Size: 2M
 Heap Min Capacity: 8M
 Heap Initial Capacity: 184M
 Heap Max Capacity: 2928M
 Pre-touch: Disabled
 Parallel Workers: 4
 Concurrent Workers: 1
 Concurrent Refinement Workers: 4
 Periodic GC: Disabled

Heap:
 garbage-first heap   total 266240K, used 49451K [0x0000000749000000, 0x0000000800000000)
  region size 2048K, 7 young (14336K), 7 survivors (14336K)
 Metaspace       used 10019K, committed 10240K, reserved 1114112K
  class space    used 1111K, committed 1216K, reserved 1048576K

Heap Regions: E=young(eden), S=young(survivor), O=old, HS=humongous(starts), HC=humongous(continues), CS=collection set, F=free, OA=open archive, CA=closed archive, TAMS=top-at-mark-start, PB=parsable bottom
|   0|0x0000000749000000, 0x0000000749200000, 0x0000000749200000|100%| O|  |TAMS 0x0000000749000000| PB 0x0000000749000000| Untracked 
|   1|0x0000000749200000, 0x0000000749400000, 0x0000000749400000|100%| O|  |TAMS 0x0000000749200000| PB 0x0000000749200000| Untracked 
|   2|0x0000000749400000, 0x0000000749600000, 0x0000000749600000|100%| O|  |TAMS 0x0000000749400000| PB 0x0000000749400000| Untracked 
|   3|0x0000000749600000, 0x0000000749800000, 0x0000000749800000|100%| O|  |TAMS 0x0000000749600000| PB 0x0000000749600000| Untracked 
|   4|0x0000000749800000, 0x0000000749a00000, 0x0000000749a00000|100%| O|  |TAMS 0x0000000749800000| PB 0x0000000749800000| Untracked 
|   5|0x0000000749a00000, 0x0000000749c00000, 0x0000000749c00000|100%| O|  |TAMS 0x0000000749a00000| PB 0x0000000749a00000| Untracked 
|   6|0x0000000749c00000, 0x0000000749e00000, 0x0000000749e00000|100%| O|  |TAMS 0x0000000749c00000| PB 0x0000000749c00000| Untracked 
|   7|0x0000000749e00000, 0x000000074a000000, 0x000000074a000000|100%| O|  |TAMS 0x0000000749e00000| PB 0x0000000749e00000| Untracked 
|   8|0x000000074a000000, 0x000000074a200000, 0x000000074a200000|100%| O|  |TAMS 0x000000074a000000| PB 0x000000074a000000| Untracked 
|   9|0x000000074a200000, 0x000000074a400000, 0x000000074a400000|100%| O|  |TAMS 0x000000074a200000| PB 0x000000074a200000| Untracked 
|  10|0x000000074a400000, 0x000000074a600000, 0x000000074a600000|100%| O|  |TAMS 0x000000074a400000| PB 0x000000074a400000| Untracked 
|  11|0x000000074a600000, 0x000000074a800000, 0x000000074a800000|100%| O|  |TAMS 0x000000074a600000| PB 0x000000074a600000| Untracked 
|  12|0x000000074a800000, 0x000000074aa00000, 0x000000074aa00000|100%| O|  |TAMS 0x000000074a800000| PB 0x000000074a800000| Untracked 
|  13|0x000000074aa00000, 0x000000074ac00000, 0x000000074ac00000|100%|HS|  |TAMS 0x000000074aa00000| PB 0x000000074aa00000| Complete 
|  14|0x000000074ac00000, 0x000000074ae00000, 0x000000074ae00000|100%|HS|  |TAMS 0x000000074ac00000| PB 0x000000074ac00000| Complete 
|  15|0x000000074ae00000, 0x000000074b000000, 0x000000074b000000|100%|HC|  |TAMS 0x000000074ae00000| PB 0x000000074ae00000| Complete 
|  16|0x000000074b000000, 0x000000074b200000, 0x000000074b200000|100%| O|  |TAMS 0x000000074b000000| PB 0x000000074b000000| Untracked 
|  17|0x000000074b200000, 0x000000074b24ac00, 0x000000074b400000| 14%| O|  |TAMS 0x000000074b200000| PB 0x000000074b200000| Untracked 
|  18|0x000000074b400000, 0x000000074b400000, 0x000000074b600000|  0%| F|  |TAMS 0x000000074b400000| PB 0x000000074b400000| Untracked 
|  19|0x000000074b600000, 0x000000074b600000, 0x000000074b800000|  0%| F|  |TAMS 0x000000074b600000| PB 0x000000074b600000| Untracked 
|  20|0x000000074b800000, 0x000000074b800000, 0x000000074ba00000|  0%| F|  |TAMS 0x000000074b800000| PB 0x000000074b800000| Untracked 
|  21|0x000000074ba00000, 0x000000074ba00000, 0x000000074bc00000|  0%| F|  |TAMS 0x000000074ba00000| PB 0x000000074ba00000| Untracked 
|  22|0x000000074bc00000, 0x000000074bc00000, 0x000000074be00000|  0%| F|  |TAMS 0x000000074bc00000| PB 0x000000074bc00000| Untracked 
|  23|0x000000074be00000, 0x000000074be00000, 0x000000074c000000|  0%| F|  |TAMS 0x000000074be00000| PB 0x000000074be00000| Untracked 
|  24|0x000000074c000000, 0x000000074c000000, 0x000000074c200000|  0%| F|  |TAMS 0x000000074c000000| PB 0x000000074c000000| Untracked 
|  25|0x000000074c200000, 0x000000074c200000, 0x000000074c400000|  0%| F|  |TAMS 0x000000074c200000| PB 0x000000074c200000| Untracked 
|  26|0x000000074c400000, 0x000000074c400000, 0x000000074c600000|  0%| F|  |TAMS 0x000000074c400000| PB 0x000000074c400000| Untracked 
|  27|0x000000074c600000, 0x000000074c600000, 0x000000074c800000|  0%| F|  |TAMS 0x000000074c600000| PB 0x000000074c600000| Untracked 
|  28|0x000000074c800000, 0x000000074c800000, 0x000000074ca00000|  0%| F|  |TAMS 0x000000074c800000| PB 0x000000074c800000| Untracked 
|  29|0x000000074ca00000, 0x000000074ca00000, 0x000000074cc00000|  0%| F|  |TAMS 0x000000074ca00000| PB 0x000000074ca00000| Untracked 
|  30|0x000000074cc00000, 0x000000074cc00000, 0x000000074ce00000|  0%| F|  |TAMS 0x000000074cc00000| PB 0x000000074cc00000| Untracked 
|  31|0x000000074ce00000, 0x000000074ce00000, 0x000000074d000000|  0%| F|  |TAMS 0x000000074ce00000| PB 0x000000074ce00000| Untracked 
|  32|0x000000074d000000, 0x000000074d000000, 0x000000074d200000|  0%| F|  |TAMS 0x000000074d000000| PB 0x000000074d000000| Untracked 
|  33|0x000000074d200000, 0x000000074d200000, 0x000000074d400000|  0%| F|  |TAMS 0x000000074d200000| PB 0x000000074d200000| Untracked 
|  34|0x000000074d400000, 0x000000074d400000, 0x000000074d600000|  0%| F|  |TAMS 0x000000074d400000| PB 0x000000074d400000| Untracked 
|  35|0x000000074d600000, 0x000000074d600000, 0x000000074d800000|  0%| F|  |TAMS 0x000000074d600000| PB 0x000000074d600000| Untracked 
|  36|0x000000074d800000, 0x000000074d800000, 0x000000074da00000|  0%| F|  |TAMS 0x000000074d800000| PB 0x000000074d800000| Untracked 
|  37|0x000000074da00000, 0x000000074da00000, 0x000000074dc00000|  0%| F|  |TAMS 0x000000074da00000| PB 0x000000074da00000| Untracked 
|  38|0x000000074dc00000, 0x000000074dc00000, 0x000000074de00000|  0%| F|  |TAMS 0x000000074dc00000| PB 0x000000074dc00000| Untracked 
|  39|0x000000074de00000, 0x000000074de00000, 0x000000074e000000|  0%| F|  |TAMS 0x000000074de00000| PB 0x000000074de00000| Untracked 
|  40|0x000000074e000000, 0x000000074e000000, 0x000000074e200000|  0%| F|  |TAMS 0x000000074e000000| PB 0x000000074e000000| Untracked 
|  41|0x000000074e200000, 0x000000074e200000, 0x000000074e400000|  0%| F|  |TAMS 0x000000074e200000| PB 0x000000074e200000| Untracked 
|  42|0x000000074e400000, 0x000000074e400000, 0x000000074e600000|  0%| F|  |TAMS 0x000000074e400000| PB 0x000000074e400000| Untracked 
|  43|0x000000074e600000, 0x000000074e600000, 0x000000074e800000|  0%| F|  |TAMS 0x000000074e600000| PB 0x000000074e600000| Untracked 
|  44|0x000000074e800000, 0x000000074e800000, 0x000000074ea00000|  0%| F|  |TAMS 0x000000074e800000| PB 0x000000074e800000| Untracked 
|  45|0x000000074ea00000, 0x000000074ea00000, 0x000000074ec00000|  0%| F|  |TAMS 0x000000074ea00000| PB 0x000000074ea00000| Untracked 
|  46|0x000000074ec00000, 0x000000074ec00000, 0x000000074ee00000|  0%| F|  |TAMS 0x000000074ec00000| PB 0x000000074ec00000| Untracked 
|  47|0x000000074ee00000, 0x000000074ee00000, 0x000000074f000000|  0%| F|  |TAMS 0x000000074ee00000| PB 0x000000074ee00000| Untracked 
|  48|0x000000074f000000, 0x000000074f000000, 0x000000074f200000|  0%| F|  |TAMS 0x000000074f000000| PB 0x000000074f000000| Untracked 
|  49|0x000000074f200000, 0x000000074f200000, 0x000000074f400000|  0%| F|  |TAMS 0x000000074f200000| PB 0x000000074f200000| Untracked 
|  50|0x000000074f400000, 0x000000074f400000, 0x000000074f600000|  0%| F|  |TAMS 0x000000074f400000| PB 0x000000074f400000| Untracked 
|  51|0x000000074f600000, 0x000000074f600000, 0x000000074f800000|  0%| F|  |TAMS 0x000000074f600000| PB 0x000000074f600000| Untracked 
|  52|0x000000074f800000, 0x000000074f800000, 0x000000074fa00000|  0%| F|  |TAMS 0x000000074f800000| PB 0x000000074f800000| Untracked 
|  53|0x000000074fa00000, 0x000000074fa00000, 0x000000074fc00000|  0%| F|  |TAMS 0x000000074fa00000| PB 0x000000074fa00000| Untracked 
|  54|0x000000074fc00000, 0x000000074fc00000, 0x000000074fe00000|  0%| F|  |TAMS 0x000000074fc00000| PB 0x000000074fc00000| Untracked 
|  55|0x000000074fe00000, 0x000000074fe00000, 0x0000000750000000|  0%| F|  |TAMS 0x000000074fe00000| PB 0x000000074fe00000| Untracked 
|  56|0x0000000750000000, 0x0000000750000000, 0x0000000750200000|  0%| F|  |TAMS 0x0000000750000000| PB 0x0000000750000000| Untracked 
|  57|0x0000000750200000, 0x0000000750200000, 0x0000000750400000|  0%| F|  |TAMS 0x0000000750200000| PB 0x0000000750200000| Untracked 
|  58|0x0000000750400000, 0x0000000750400000, 0x0000000750600000|  0%| F|  |TAMS 0x0000000750400000| PB 0x0000000750400000| Untracked 
|  59|0x0000000750600000, 0x0000000750600000, 0x0000000750800000|  0%| F|  |TAMS 0x0000000750600000| PB 0x0000000750600000| Untracked 
|  60|0x0000000750800000, 0x0000000750800000, 0x0000000750a00000|  0%| F|  |TAMS 0x0000000750800000| PB 0x0000000750800000| Untracked 
|  61|0x0000000750a00000, 0x0000000750a00000, 0x0000000750c00000|  0%| F|  |TAMS 0x0000000750a00000| PB 0x0000000750a00000| Untracked 
|  62|0x0000000750c00000, 0x0000000750c00000, 0x0000000750e00000|  0%| F|  |TAMS 0x0000000750c00000| PB 0x0000000750c00000| Untracked 
|  63|0x0000000750e00000, 0x0000000750e00000, 0x0000000751000000|  0%| F|  |TAMS 0x0000000750e00000| PB 0x0000000750e00000| Untracked 
|  64|0x0000000751000000, 0x0000000751000000, 0x0000000751200000|  0%| F|  |TAMS 0x0000000751000000| PB 0x0000000751000000| Untracked 
|  65|0x0000000751200000, 0x0000000751200000, 0x0000000751400000|  0%| F|  |TAMS 0x0000000751200000| PB 0x0000000751200000| Untracked 
|  66|0x0000000751400000, 0x0000000751400000, 0x0000000751600000|  0%| F|  |TAMS 0x0000000751400000| PB 0x0000000751400000| Untracked 
|  67|0x0000000751600000, 0x0000000751600000, 0x0000000751800000|  0%| F|  |TAMS 0x0000000751600000| PB 0x0000000751600000| Untracked 
|  68|0x0000000751800000, 0x0000000751800000, 0x0000000751a00000|  0%| F|  |TAMS 0x0000000751800000| PB 0x0000000751800000| Untracked 
|  69|0x0000000751a00000, 0x0000000751c00000, 0x0000000751c00000|100%| S|CS|TAMS 0x0000000751a00000| PB 0x0000000751a00000| Complete 
|  70|0x0000000751c00000, 0x0000000751e00000, 0x0000000751e00000|100%| S|CS|TAMS 0x0000000751c00000| PB 0x0000000751c00000| Complete 
|  71|0x0000000751e00000, 0x0000000752000000, 0x0000000752000000|100%| S|CS|TAMS 0x0000000751e00000| PB 0x0000000751e00000| Complete 
|  72|0x0000000752000000, 0x0000000752200000, 0x0000000752200000|100%| S|CS|TAMS 0x0000000752000000| PB 0x0000000752000000| Complete 
|  73|0x0000000752200000, 0x0000000752400000, 0x0000000752400000|100%| S|CS|TAMS 0x0000000752200000| PB 0x0000000752200000| Complete 
|  74|0x0000000752400000, 0x0000000752600000, 0x0000000752600000|100%| S|CS|TAMS 0x0000000752400000| PB 0x0000000752400000| Complete 
|  75|0x0000000752600000, 0x0000000752800000, 0x0000000752800000|100%| S|CS|TAMS 0x0000000752600000| PB 0x0000000752600000| Complete 
|  76|0x0000000752800000, 0x0000000752800000, 0x0000000752a00000|  0%| F|  |TAMS 0x0000000752800000| PB 0x0000000752800000| Untracked 
|  77|0x0000000752a00000, 0x0000000752a00000, 0x0000000752c00000|  0%| F|  |TAMS 0x0000000752a00000| PB 0x0000000752a00000| Untracked 
|  78|0x0000000752c00000, 0x0000000752c00000, 0x0000000752e00000|  0%| F|  |TAMS 0x0000000752c00000| PB 0x0000000752c00000| Untracked 
|  79|0x0000000752e00000, 0x0000000752e00000, 0x0000000753000000|  0%| F|  |TAMS 0x0000000752e00000| PB 0x0000000752e00000| Untracked 
|  80|0x0000000753000000, 0x0000000753000000, 0x0000000753200000|  0%| F|  |TAMS 0x0000000753000000| PB 0x0000000753000000| Untracked 
|  81|0x0000000753200000, 0x0000000753200000, 0x0000000753400000|  0%| F|  |TAMS 0x0000000753200000| PB 0x0000000753200000| Untracked 
|  82|0x0000000753400000, 0x0000000753400000, 0x0000000753600000|  0%| F|  |TAMS 0x0000000753400000| PB 0x0000000753400000| Untracked 
|  83|0x0000000753600000, 0x0000000753600000, 0x0000000753800000|  0%| F|  |TAMS 0x0000000753600000| PB 0x0000000753600000| Untracked 
|  84|0x0000000753800000, 0x0000000753800000, 0x0000000753a00000|  0%| F|  |TAMS 0x0000000753800000| PB 0x0000000753800000| Untracked 
|  85|0x0000000753a00000, 0x0000000753a00000, 0x0000000753c00000|  0%| F|  |TAMS 0x0000000753a00000| PB 0x0000000753a00000| Untracked 
|  86|0x0000000753c00000, 0x0000000753c00000, 0x0000000753e00000|  0%| F|  |TAMS 0x0000000753c00000| PB 0x0000000753c00000| Untracked 
|  87|0x0000000753e00000, 0x0000000753e00000, 0x0000000754000000|  0%| F|  |TAMS 0x0000000753e00000| PB 0x0000000753e00000| Untracked 
|  88|0x0000000754000000, 0x0000000754000000, 0x0000000754200000|  0%| F|  |TAMS 0x0000000754000000| PB 0x0000000754000000| Untracked 
|  89|0x0000000754200000, 0x0000000754200000, 0x0000000754400000|  0%| F|  |TAMS 0x0000000754200000| PB 0x0000000754200000| Untracked 
|  90|0x0000000754400000, 0x0000000754400000, 0x0000000754600000|  0%| F|  |TAMS 0x0000000754400000| PB 0x0000000754400000| Untracked 
|  91|0x0000000754600000, 0x0000000754600000, 0x0000000754800000|  0%| F|  |TAMS 0x0000000754600000| PB 0x0000000754600000| Untracked 
|  92|0x0000000754800000, 0x0000000754800000, 0x0000000754a00000|  0%| F|  |TAMS 0x0000000754800000| PB 0x0000000754800000| Untracked 
|  93|0x0000000754a00000, 0x0000000754a00000, 0x0000000754c00000|  0%| F|  |TAMS 0x0000000754a00000| PB 0x0000000754a00000| Untracked 
|  94|0x0000000754c00000, 0x0000000754c00000, 0x0000000754e00000|  0%| F|  |TAMS 0x0000000754c00000| PB 0x0000000754c00000| Untracked 
|  95|0x0000000754e00000, 0x0000000754e00000, 0x0000000755000000|  0%| F|  |TAMS 0x0000000754e00000| PB 0x0000000754e00000| Untracked 
|  96|0x0000000755000000, 0x0000000755000000, 0x0000000755200000|  0%| F|  |TAMS 0x0000000755000000| PB 0x0000000755000000| Untracked 
|  97|0x0000000755200000, 0x0000000755200000, 0x0000000755400000|  0%| F|  |TAMS 0x0000000755200000| PB 0x0000000755200000| Untracked 
|  98|0x0000000755400000, 0x0000000755400000, 0x0000000755600000|  0%| F|  |TAMS 0x0000000755400000| PB 0x0000000755400000| Untracked 
|  99|0x0000000755600000, 0x0000000755600000, 0x0000000755800000|  0%| F|  |TAMS 0x0000000755600000| PB 0x0000000755600000| Untracked 
| 100|0x0000000755800000, 0x0000000755800000, 0x0000000755a00000|  0%| F|  |TAMS 0x0000000755800000| PB 0x0000000755800000| Untracked 
| 101|0x0000000755a00000, 0x0000000755a00000, 0x0000000755c00000|  0%| F|  |TAMS 0x0000000755a00000| PB 0x0000000755a00000| Untracked 
| 102|0x0000000755c00000, 0x0000000755c00000, 0x0000000755e00000|  0%| F|  |TAMS 0x0000000755c00000| PB 0x0000000755c00000| Untracked 
| 103|0x0000000755e00000, 0x0000000755e00000, 0x0000000756000000|  0%| F|  |TAMS 0x0000000755e00000| PB 0x0000000755e00000| Untracked 
| 104|0x0000000756000000, 0x0000000756000000, 0x0000000756200000|  0%| F|  |TAMS 0x0000000756000000| PB 0x0000000756000000| Untracked 
| 105|0x0000000756200000, 0x0000000756200000, 0x0000000756400000|  0%| F|  |TAMS 0x0000000756200000| PB 0x0000000756200000| Untracked 
| 106|0x0000000756400000, 0x0000000756400000, 0x0000000756600000|  0%| F|  |TAMS 0x0000000756400000| PB 0x0000000756400000| Untracked 
| 107|0x0000000756600000, 0x0000000756600000, 0x0000000756800000|  0%| F|  |TAMS 0x0000000756600000| PB 0x0000000756600000| Untracked 
| 108|0x0000000756800000, 0x0000000756800000, 0x0000000756a00000|  0%| F|  |TAMS 0x0000000756800000| PB 0x0000000756800000| Untracked 
| 109|0x0000000756a00000, 0x0000000756a00000, 0x0000000756c00000|  0%| F|  |TAMS 0x0000000756a00000| PB 0x0000000756a00000| Untracked 
| 110|0x0000000756c00000, 0x0000000756c00000, 0x0000000756e00000|  0%| F|  |TAMS 0x0000000756c00000| PB 0x0000000756c00000| Untracked 
| 111|0x0000000756e00000, 0x0000000756e00000, 0x0000000757000000|  0%| F|  |TAMS 0x0000000756e00000| PB 0x0000000756e00000| Untracked 
| 112|0x0000000757000000, 0x0000000757000000, 0x0000000757200000|  0%| F|  |TAMS 0x0000000757000000| PB 0x0000000757000000| Untracked 
| 113|0x0000000757200000, 0x0000000757200000, 0x0000000757400000|  0%| F|  |TAMS 0x0000000757200000| PB 0x0000000757200000| Untracked 
| 114|0x0000000757400000, 0x0000000757400000, 0x0000000757600000|  0%| F|  |TAMS 0x0000000757400000| PB 0x0000000757400000| Untracked 
| 115|0x0000000757600000, 0x0000000757600000, 0x0000000757800000|  0%| F|  |TAMS 0x0000000757600000| PB 0x0000000757600000| Untracked 
| 116|0x0000000757800000, 0x0000000757800000, 0x0000000757a00000|  0%| F|  |TAMS 0x0000000757800000| PB 0x0000000757800000| Untracked 
| 117|0x0000000757a00000, 0x0000000757a00000, 0x0000000757c00000|  0%| F|  |TAMS 0x0000000757a00000| PB 0x0000000757a00000| Untracked 
| 118|0x0000000757c00000, 0x0000000757c00000, 0x0000000757e00000|  0%| F|  |TAMS 0x0000000757c00000| PB 0x0000000757c00000| Untracked 
| 119|0x0000000757e00000, 0x0000000757e00000, 0x0000000758000000|  0%| F|  |TAMS 0x0000000757e00000| PB 0x0000000757e00000| Untracked 
| 120|0x0000000758000000, 0x0000000758000000, 0x0000000758200000|  0%| F|  |TAMS 0x0000000758000000| PB 0x0000000758000000| Untracked 
| 121|0x0000000758200000, 0x0000000758200000, 0x0000000758400000|  0%| F|  |TAMS 0x0000000758200000| PB 0x0000000758200000| Untracked 
| 122|0x0000000758400000, 0x0000000758400000, 0x0000000758600000|  0%| F|  |TAMS 0x0000000758400000| PB 0x0000000758400000| Untracked 
| 123|0x0000000758600000, 0x0000000758600000, 0x0000000758800000|  0%| F|  |TAMS 0x0000000758600000| PB 0x0000000758600000| Untracked 
| 124|0x0000000758800000, 0x0000000758800000, 0x0000000758a00000|  0%| F|  |TAMS 0x0000000758800000| PB 0x0000000758800000| Untracked 
| 125|0x0000000758a00000, 0x0000000758a00000, 0x0000000758c00000|  0%| F|  |TAMS 0x0000000758a00000| PB 0x0000000758a00000| Untracked 
| 126|0x0000000758c00000, 0x0000000758c00000, 0x0000000758e00000|  0%| F|  |TAMS 0x0000000758c00000| PB 0x0000000758c00000| Untracked 
| 127|0x0000000758e00000, 0x0000000758e00000, 0x0000000759000000|  0%| F|  |TAMS 0x0000000758e00000| PB 0x0000000758e00000| Untracked 
| 128|0x0000000759000000, 0x0000000759000000, 0x0000000759200000|  0%| F|  |TAMS 0x0000000759000000| PB 0x0000000759000000| Untracked 
| 129|0x0000000759200000, 0x0000000759200000, 0x0000000759400000|  0%| F|  |TAMS 0x0000000759200000| PB 0x0000000759200000| Untracked 

Card table byte_map: [0x00000203fdaf0000,0x00000203fe0b0000] _byte_map_base: 0x00000203fa0a8000

Marking Bits: (CMBitMap*) 0x00000203e64ad550
 Bits: [0x0000020380000000, 0x0000020382dc0000)

Polling page: 0x00000203e4410000

Metaspace:

Usage:
  Non-class:      8.70 MB used.
      Class:      1.09 MB used.
       Both:      9.78 MB used.

Virtual space:
  Non-class space:       64.00 MB reserved,       8.81 MB ( 14%) committed,  1 nodes.
      Class space:        1.00 GB reserved,       1.19 MB ( <1%) committed,  1 nodes.
             Both:        1.06 GB reserved,      10.00 MB ( <1%) committed. 

Chunk freelists:
   Non-Class:  2.54 MB
       Class:  2.66 MB
        Both:  5.20 MB

MaxMetaspaceSize: unlimited
CompressedClassSpaceSize: 1.00 GB
Initial GC threshold: 21.00 MB
Current GC threshold: 21.00 MB
CDS: on
MetaspaceReclaimPolicy: balanced
 - commit_granule_bytes: 65536.
 - commit_granule_words: 8192.
 - virtual_space_node_default_size: 8388608.
 - enlarge_chunks_in_place: 1.
 - new_chunks_are_fully_committed: 0.
 - uncommit_free_chunks: 1.
 - use_allocation_guard: 0.


Internal statistics:

num_allocs_failed_limit: 0.
num_arena_births: 96.
num_arena_deaths: 0.
num_vsnodes_births: 2.
num_vsnodes_deaths: 0.
num_space_committed: 159.
num_space_uncommitted: 0.
num_chunks_returned_to_freelist: 0.
num_chunks_taken_from_freelist: 294.
num_chunk_merges: 0.
num_chunk_splits: 183.
num_chunks_enlarged: 127.
num_inconsistent_stats: 0.

CodeHeap 'non-profiled nmethods': size=120000Kb used=745Kb max_used=745Kb free=119254Kb
 bounds [0x00000203f6000000, 0x00000203f6270000, 0x00000203fd530000]
CodeHeap 'profiled nmethods': size=120000Kb used=3134Kb max_used=3134Kb free=116865Kb
 bounds [0x00000203ee530000, 0x00000203ee840000, 0x00000203f5a60000]
CodeHeap 'non-nmethods': size=5760Kb used=1488Kb max_used=1541Kb free=4272Kb
 bounds [0x00000203f5a60000, 0x00000203f5cd0000, 0x00000203f6000000]
 total_blobs=2145 nmethods=1629 adapters=427
 compilation: enabled
              stopped_count=0, restarted_count=0
 full_count=0

Compilation events (20 events):
Event: 2.714 Thread 0x00000203feb28730 1623       3       java.util.stream.StreamOpFlag::isKnown (19 bytes)
Event: 2.715 Thread 0x00000203feb28730 nmethod 1623 0x00000203ee83ca10 code [0x00000203ee83cba0, 0x00000203ee83cd10]
Event: 2.715 Thread 0x00000203feb28730 1624       1       java.lang.StringUTF16$CharsSpliterator::characteristics (5 bytes)
Event: 2.715 Thread 0x00000203feb28730 nmethod 1624 0x00000203f60b9410 code [0x00000203f60b9580, 0x00000203f60b9648]
Event: 2.715 Thread 0x00000203feb28730 1625       3       java.lang.Character::codePointAt (51 bytes)
Event: 2.715 Thread 0x00000203feb28730 nmethod 1625 0x00000203ee83cd90 code [0x00000203ee83cf80, 0x00000203ee83d600]
Event: 2.715 Thread 0x00000203feb28730 1626       3       java.util.regex.Pattern$CharPropertyGreedy::match (160 bytes)
Event: 2.716 Thread 0x00000203ca6bd160 1627       4       java.util.regex.Pattern$GroupHead::match (47 bytes)
Event: 2.716 Thread 0x00000203feb28730 nmethod 1626 0x00000203ee83d790 code [0x00000203ee83d9c0, 0x00000203ee83e390]
Event: 2.717 Thread 0x00000203feb28730 1628       3       java.lang.Character::isLowSurrogate (18 bytes)
Event: 2.717 Thread 0x00000203feb28730 nmethod 1628 0x00000203ee83e710 code [0x00000203ee83e8a0, 0x00000203ee83ea28]
Event: 2.717 Thread 0x00000203feb28000 1629       4       java.lang.Character::codePointAt (51 bytes)
Event: 2.720 Thread 0x00000203feb28730 1630       3       java.lang.Character::codePointBefore (48 bytes)
Event: 2.721 Thread 0x00000203feb28730 nmethod 1630 0x00000203ee83ea90 code [0x00000203ee83ec60, 0x00000203ee83f220]
Event: 2.721 Thread 0x00000203ca6bd160 nmethod 1627 0x00000203f60b9710 code [0x00000203f60b98a0, 0x00000203f60b9b80]
Event: 2.721 Thread 0x00000203ca6bd160 1631       4       java.util.regex.Pattern$CharPropertyGreedy::match (160 bytes)
Event: 2.723 Thread 0x00000203feb28000 nmethod 1629 0x00000203f60b9e90 code [0x00000203f60ba020, 0x00000203f60ba2a8]
Event: 2.726 Thread 0x00000203feb28730 1632   !   3       sun.nio.cs.StreamDecoder::inReady (36 bytes)
Event: 2.726 Thread 0x00000203feb28730 nmethod 1632 0x00000203ee83f390 code [0x00000203ee83f540, 0x00000203ee83f938]
Event: 2.728 Thread 0x00000203feb28000 1633 %     4       java.util.HashMap::resize @ 235 (356 bytes)

GC Heap History (19 events):
Event: 0.845 GC heap before
{Heap before GC invocations=0 (full 0):
 garbage-first heap   total 188416K, used 10240K [0x0000000749000000, 0x0000000800000000)
  region size 2048K, 6 young (12288K), 0 survivors (0K)
 Metaspace       used 3823K, committed 3968K, reserved 1114112K
  class space    used 444K, committed 512K, reserved 1048576K
}
Event: 0.851 GC heap after
{Heap after GC invocations=1 (full 0):
 garbage-first heap   total 188416K, used 5855K [0x0000000749000000, 0x0000000800000000)
  region size 2048K, 1 young (2048K), 1 survivors (2048K)
 Metaspace       used 3823K, committed 3968K, reserved 1114112K
  class space    used 444K, committed 512K, reserved 1048576K
}
Event: 1.266 GC heap before
{Heap before GC invocations=1 (full 0):
 garbage-first heap   total 188416K, used 14047K [0x0000000749000000, 0x0000000800000000)
  region size 2048K, 5 young (10240K), 1 survivors (2048K)
 Metaspace       used 6239K, committed 6336K, reserved 1114112K
  class space    used 744K, committed 768K, reserved 1048576K
}
Event: 1.271 GC heap after
{Heap after GC invocations=2 (full 0):
 garbage-first heap   total 188416K, used 7648K [0x0000000749000000, 0x0000000800000000)
  region size 2048K, 1 young (2048K), 1 survivors (2048K)
 Metaspace       used 6239K, committed 6336K, reserved 1114112K
  class space    used 744K, committed 768K, reserved 1048576K
}
Event: 1.745 GC heap before
{Heap before GC invocations=2 (full 0):
 garbage-first heap   total 188416K, used 28128K [0x0000000749000000, 0x0000000800000000)
  region size 2048K, 11 young (22528K), 1 survivors (2048K)
 Metaspace       used 9816K, committed 10048K, reserved 1114112K
  class space    used 1100K, committed 1216K, reserved 1048576K
}
Event: 1.752 GC heap after
{Heap after GC invocations=3 (full 0):
 garbage-first heap   total 188416K, used 9028K [0x0000000749000000, 0x0000000800000000)
  region size 2048K, 2 young (4096K), 2 survivors (4096K)
 Metaspace       used 9816K, committed 10048K, reserved 1114112K
  class space    used 1100K, committed 1216K, reserved 1048576K
}
Event: 1.926 GC heap before
{Heap before GC invocations=3 (full 0):
 garbage-first heap   total 188416K, used 72516K [0x0000000749000000, 0x0000000800000000)
  region size 2048K, 33 young (67584K), 2 survivors (4096K)
 Metaspace       used 9857K, committed 10112K, reserved 1114112K
  class space    used 1100K, committed 1216K, reserved 1048576K
}
Event: 1.936 GC heap after
{Heap after GC invocations=4 (full 0):
 garbage-first heap   total 188416K, used 12013K [0x0000000749000000, 0x0000000800000000)
  region size 2048K, 3 young (6144K), 3 survivors (6144K)
 Metaspace       used 9857K, committed 10112K, reserved 1114112K
  class space    used 1100K, committed 1216K, reserved 1048576K
}
Event: 2.211 GC heap before
{Heap before GC invocations=4 (full 0):
 garbage-first heap   total 188416K, used 118509K [0x0000000749000000, 0x0000000800000000)
  region size 2048K, 55 young (112640K), 3 survivors (6144K)
 Metaspace       used 10006K, committed 10240K, reserved 1114112K
  class space    used 1111K, committed 1216K, reserved 1048576K
}
Event: 2.237 GC heap after
{Heap after GC invocations=5 (full 0):
 garbage-first heap   total 188416K, used 20108K [0x0000000749000000, 0x0000000800000000)
  region size 2048K, 7 young (14336K), 7 survivors (14336K)
 Metaspace       used 10006K, committed 10240K, reserved 1114112K
  class space    used 1111K, committed 1216K, reserved 1048576K
}
Event: 2.309 GC heap before
{Heap before GC invocations=5 (full 0):
 garbage-first heap   total 188416K, used 118412K [0x0000000749000000, 0x0000000800000000)
  region size 2048K, 55 young (112640K), 7 survivors (14336K)
 Metaspace       used 10008K, committed 10240K, reserved 1114112K
  class space    used 1111K, committed 1216K, reserved 1048576K
}
Event: 2.339 GC heap after
{Heap after GC invocations=6 (full 0):
 garbage-first heap   total 266240K, used 25608K [0x0000000749000000, 0x0000000800000000)
  region size 2048K, 3 young (6144K), 3 survivors (6144K)
 Metaspace       used 10008K, committed 10240K, reserved 1114112K
  class space    used 1111K, committed 1216K, reserved 1048576K
}
Event: 2.351 GC heap before
{Heap before GC invocations=6 (full 0):
 garbage-first heap   total 266240K, used 31752K [0x0000000749000000, 0x0000000800000000)
  region size 2048K, 6 young (12288K), 3 survivors (6144K)
 Metaspace       used 10008K, committed 10240K, reserved 1114112K
  class space    used 1111K, committed 1216K, reserved 1048576K
}
Event: 2.364 GC heap after
{Heap after GC invocations=7 (full 0):
 garbage-first heap   total 266240K, used 26312K [0x0000000749000000, 0x0000000800000000)
  region size 2048K, 1 young (2048K), 1 survivors (2048K)
 Metaspace       used 10008K, committed 10240K, reserved 1114112K
  class space    used 1111K, committed 1216K, reserved 1048576K
}
Event: 2.477 GC heap before
{Heap before GC invocations=7 (full 0):
 garbage-first heap   total 266240K, used 83656K [0x0000000749000000, 0x0000000800000000)
  region size 2048K, 28 young (57344K), 1 survivors (2048K)
 Metaspace       used 10010K, committed 10240K, reserved 1114112K
  class space    used 1111K, committed 1216K, reserved 1048576K
}
Event: 2.490 GC heap after
{Heap after GC invocations=8 (full 0):
 garbage-first heap   total 266240K, used 31370K [0x0000000749000000, 0x0000000800000000)
  region size 2048K, 3 young (6144K), 3 survivors (6144K)
 Metaspace       used 10010K, committed 10240K, reserved 1114112K
  class space    used 1111K, committed 1216K, reserved 1048576K
}
Event: 2.624 GC heap before
{Heap before GC invocations=8 (full 0):
 garbage-first heap   total 266240K, used 184970K [0x0000000749000000, 0x0000000800000000)
  region size 2048K, 78 young (159744K), 3 survivors (6144K)
 Metaspace       used 10012K, committed 10240K, reserved 1114112K
  class space    used 1111K, committed 1216K, reserved 1048576K
}
Event: 2.649 GC heap after
{Heap after GC invocations=9 (full 0):
 garbage-first heap   total 266240K, used 39387K [0x0000000749000000, 0x0000000800000000)
  region size 2048K, 6 young (12288K), 6 survivors (12288K)
 Metaspace       used 10012K, committed 10240K, reserved 1114112K
  class space    used 1111K, committed 1216K, reserved 1048576K
}
Event: 2.761 GC heap before
{Heap before GC invocations=9 (full 0):
 garbage-first heap   total 266240K, used 154075K [0x0000000749000000, 0x0000000800000000)
  region size 2048K, 60 young (122880K), 6 survivors (12288K)
 Metaspace       used 10019K, committed 10240K, reserved 1114112K
  class space    used 1111K, committed 1216K, reserved 1048576K
}

Dll operation events (7 events):
Event: 0.019 Loaded shared library C:\Program Files\Java\jdk-20\bin\java.dll
Event: 0.061 Loaded shared library C:\Program Files\Java\jdk-20\bin\jsvml.dll
Event: 0.154 Loaded shared library C:\Program Files\Java\jdk-20\bin\net.dll
Event: 0.159 Loaded shared library C:\Program Files\Java\jdk-20\bin\nio.dll
Event: 0.167 Loaded shared library C:\Program Files\Java\jdk-20\bin\zip.dll
Event: 0.199 Loaded shared library C:\Program Files\Java\jdk-20\bin\jimage.dll
Event: 1.278 Loaded shared library C:\Program Files\Java\jdk-20\bin\verify.dll

Deoptimization events (20 events):
Event: 2.600 Thread 0x00000203e6456750 DEOPT PACKING pc=0x00000203ee80b9a0 sp=0x00000058574fe7a0
Event: 2.600 Thread 0x00000203e6456750 DEOPT UNPACKING pc=0x00000203f5aca4c2 sp=0x00000058574fddf8 mode 0
Event: 2.651 Thread 0x00000203e6456750 Uncommon trap: trap_request=0xffffff45 fr.pc=0x00000203f60b4564 relative=0x0000000000002c24
Event: 2.651 Thread 0x00000203e6456750 Uncommon trap: reason=unstable_if action=reinterpret pc=0x00000203f60b4564 method=java.lang.String.startsWith(Ljava/lang/String;I)Z @ 131 c2
Event: 2.651 Thread 0x00000203e6456750 DEOPT PACKING pc=0x00000203f60b4564 sp=0x00000058574fe950
Event: 2.651 Thread 0x00000203e6456750 DEOPT UNPACKING pc=0x00000203f5ac9d22 sp=0x00000058574fe7f0 mode 2
Event: 2.659 Thread 0x00000203e6456750 Uncommon trap: trap_request=0xffffff45 fr.pc=0x00000203f609c488 relative=0x0000000000001048
Event: 2.659 Thread 0x00000203e6456750 Uncommon trap: reason=unstable_if action=reinterpret pc=0x00000203f609c488 method=java.lang.StringUTF16.toLowerCase(Ljava/lang/String;[BLjava/util/Locale;)Ljava/lang/String; @ 276 c2
Event: 2.659 Thread 0x00000203e6456750 DEOPT PACKING pc=0x00000203f609c488 sp=0x00000058574fe8b0
Event: 2.659 Thread 0x00000203e6456750 DEOPT UNPACKING pc=0x00000203f5ac9d22 sp=0x00000058574fe780 mode 2
Event: 2.715 Thread 0x00000203e6456750 Uncommon trap: trap_request=0xffffff45 fr.pc=0x00000203f60755e4 relative=0x0000000000000ae4
Event: 2.715 Thread 0x00000203e6456750 Uncommon trap: reason=unstable_if action=reinterpret pc=0x00000203f60755e4 method=java.lang.Character.isHighSurrogate(C)Z @ 3 c2
Event: 2.715 Thread 0x00000203e6456750 DEOPT PACKING pc=0x00000203f60755e4 sp=0x00000058574fe550
Event: 2.715 Thread 0x00000203e6456750 DEOPT UNPACKING pc=0x00000203f5ac9d22 sp=0x00000058574fe418 mode 2
Event: 2.716 Thread 0x00000203e6456750 Uncommon trap: trap_request=0xffffff45 fr.pc=0x00000203f60b0e84 relative=0x0000000000000184
Event: 2.716 Thread 0x00000203e6456750 Uncommon trap: reason=unstable_if action=reinterpret pc=0x00000203f60b0e84 method=java.lang.Character.isLowSurrogate(C)Z @ 3 c2
Event: 2.717 Thread 0x00000203e6456750 DEOPT PACKING pc=0x00000203f60b0e84 sp=0x00000058574fe500
Event: 2.717 Thread 0x00000203e6456750 DEOPT UNPACKING pc=0x00000203f5ac9d22 sp=0x00000058574fe428 mode 2
Event: 2.731 Thread 0x00000203e6456750 DEOPT PACKING pc=0x00000203ee613d0e sp=0x00000058574fe5f0
Event: 2.731 Thread 0x00000203e6456750 DEOPT UNPACKING pc=0x00000203f5aca4c2 sp=0x00000058574fda58 mode 0

Classes loaded (20 events):
Event: 2.087 Loading class sun/text/resources/BreakIteratorResources
Event: 2.087 Loading class sun/util/resources/BreakIteratorResourceBundle
Event: 2.087 Loading class sun/util/resources/BreakIteratorResourceBundle done
Event: 2.087 Loading class sun/text/resources/BreakIteratorResources done
Event: 2.088 Loading class sun/text/resources/BreakIteratorResources_en
Event: 2.088 Loading class sun/text/resources/BreakIteratorResources_en done
Event: 2.088 Loading class sun/text/resources/BreakIteratorResources_en_US
Event: 2.088 Loading class sun/text/resources/BreakIteratorResources_en_US done
Event: 2.089 Loading class sun/text/RuleBasedBreakIterator
Event: 2.089 Loading class sun/text/RuleBasedBreakIterator done
Event: 2.092 Loading class sun/text/CompactByteArray
Event: 2.092 Loading class sun/text/CompactByteArray done
Event: 2.093 Loading class sun/text/SupplementaryCharacterData
Event: 2.093 Loading class sun/text/SupplementaryCharacterData done
Event: 2.093 Loading class java/text/BreakIterator$BreakIteratorCache
Event: 2.093 Loading class java/text/BreakIterator$BreakIteratorCache done
Event: 2.093 Loading class java/text/StringCharacterIterator
Event: 2.093 Loading class java/text/CharacterIterator
Event: 2.093 Loading class java/text/CharacterIterator done
Event: 2.093 Loading class java/text/StringCharacterIterator done

Classes unloaded (0 events):
No events

Classes redefined (0 events):
No events

Internal exceptions (11 events):
Event: 0.577 Thread 0x00000203e6456750 Exception <a 'java/lang/ClassNotFoundException'{0x0000000753e4fbe0}: javax/smartcardio/CardPermission> (0x0000000753e4fbe0) 
thrown [s\open\src\hotspot\share\classfile\systemDictionary.cpp, line 305]
Event: 0.583 Thread 0x00000203e6456750 Exception <a 'java/io/FileNotFoundException'{0x0000000753e5e040}> (0x0000000753e5e040) 
thrown [s\open\src\hotspot\share\prims\jni.cpp, line 519]
Event: 0.622 Thread 0x00000203e6456750 Exception <a 'java/lang/NoSuchMethodError'{0x0000000753ee6b50}: 'void java.lang.invoke.DirectMethodHandle$Holder.invokeStatic(java.lang.Object, java.lang.Object, java.lang.Object)'> (0x0000000753ee6b50) 
thrown [s\open\src\hotspot\share\interpreter\linkResolver.cpp, line 773]
Event: 0.753 Thread 0x00000203e6456750 Exception <a 'java/lang/NoSuchMethodError'{0x0000000753c82e70}: 'void java.lang.invoke.DirectMethodHandle$Holder.invokeSpecialIFC(java.lang.Object, java.lang.Object, java.lang.Object, java.lang.Object, java.lang.Object)'> (0x0000000753c82e70) 
thrown [s\open\src\hotspot\share\interpreter\linkResolver.cpp, line 773]
Event: 0.755 Thread 0x00000203e6456750 Exception <a 'java/lang/NoSuchMethodError'{0x0000000753c8ae78}: 'void java.lang.invoke.DirectMethodHandle$Holder.invokeStatic(java.lang.Object, java.lang.Object, java.lang.Object, java.lang.Object)'> (0x0000000753c8ae78) 
thrown [s\open\src\hotspot\share\interpreter\linkResolver.cpp, line 773]
Event: 0.758 Thread 0x00000203e6456750 Exception <a 'java/lang/NoSuchMethodError'{0x0000000753c93be8}: 'int java.lang.invoke.DirectMethodHandle$Holder.invokeSpecial(java.lang.Object, java.lang.Object, java.lang.Object)'> (0x0000000753c93be8) 
thrown [s\open\src\hotspot\share\interpreter\linkResolver.cpp, line 773]
Event: 0.790 Thread 0x00000203e6456750 Exception <a 'java/lang/NoSuchMethodError'{0x0000000753d3a810}: 'java.lang.Object java.lang.invoke.DirectMethodHandle$Holder.invokeStaticInit(java.lang.Object, java.lang.Object, java.lang.Object)'> (0x0000000753d3a810) 
thrown [s\open\src\hotspot\share\interpreter\linkResolver.cpp, line 773]
Event: 1.294 Thread 0x00000203e6456750 Exception <a 'java/lang/NoClassDefFoundError'{0x00000007546a0c80}: org/apache/log4j/Priority> (0x00000007546a0c80) 
thrown [s\open\src\hotspot\share\classfile\systemDictionary.cpp, line 294]
Event: 1.328 Thread 0x00000203e6456750 Exception <a 'java/lang/ClassNotFoundException'{0x0000000754721350}: com/sun/org/apache/xerces/internal/impl/xpath/regex/spi/messageProvider> (0x0000000754721350) 
thrown [s\open\src\hotspot\share\classfile\systemDictionary.cpp, line 305]
Event: 1.636 Thread 0x00000203e6456750 Exception <a 'java/lang/NoSuchMethodError'{0x00000007543ee1e8}: 'java.lang.Object java.lang.invoke.DirectMethodHandle$Holder.invokeInterface(java.lang.Object, java.lang.Object)'> (0x00000007543ee1e8) 
thrown [s\open\src\hotspot\share\interpreter\linkResolver.cpp, line 773]
Event: 1.636 Thread 0x00000203e6456750 Exception <a 'java/lang/IncompatibleClassChangeError'{0x00000007543f1450}: Found class java.lang.Object, but interface was expected> (0x00000007543f1450) 
thrown [s\open\src\hotspot\share\interpreter\linkResolver.cpp, line 840]

VM Operations (20 events):
Event: 1.386 Executing VM operation: HandshakeAllThreads done
Event: 1.386 Executing VM operation: HandshakeAllThreads
Event: 1.386 Executing VM operation: HandshakeAllThreads done
Event: 1.745 Executing VM operation: G1CollectForAllocation
Event: 1.752 Executing VM operation: G1CollectForAllocation done
Event: 1.926 Executing VM operation: G1CollectForAllocation
Event: 1.936 Executing VM operation: G1CollectForAllocation done
Event: 2.211 Executing VM operation: G1CollectForAllocation
Event: 2.237 Executing VM operation: G1CollectForAllocation done
Event: 2.243 Executing VM operation: ThreadDump
Event: 2.243 Executing VM operation: ThreadDump done
Event: 2.309 Executing VM operation: G1CollectForAllocation
Event: 2.340 Executing VM operation: G1CollectForAllocation done
Event: 2.351 Executing VM operation: G1CollectForAllocation
Event: 2.364 Executing VM operation: G1CollectForAllocation done
Event: 2.477 Executing VM operation: G1CollectForAllocation
Event: 2.490 Executing VM operation: G1CollectForAllocation done
Event: 2.624 Executing VM operation: G1CollectForAllocation
Event: 2.649 Executing VM operation: G1CollectForAllocation done
Event: 2.761 Executing VM operation: G1CollectForAllocation

Events (14 events):
Event: 0.062 Thread 0x00000203e6456750 Thread added: 0x00000203e6456750
Event: 0.089 Thread 0x00000203feb19f20 Thread added: 0x00000203feb19f20
Event: 0.089 Thread 0x00000203feb1bed0 Thread added: 0x00000203feb1bed0
Event: 0.090 Thread 0x00000203feb1d7e0 Thread added: 0x00000203feb1d7e0
Event: 0.091 Thread 0x00000203feb21240 Thread added: 0x00000203feb21240
Event: 0.091 Thread 0x00000203feb23ed0 Thread added: 0x00000203feb23ed0
Event: 0.091 Thread 0x00000203feb265d0 Thread added: 0x00000203feb265d0
Event: 0.091 Thread 0x00000203feb28000 Thread added: 0x00000203feb28000
Event: 0.092 Thread 0x00000203feb28730 Thread added: 0x00000203feb28730
Event: 0.142 Thread 0x00000203ca0c0520 Thread added: 0x00000203ca0c0520
Event: 0.147 Thread 0x00000203ca0c7f40 Thread added: 0x00000203ca0c7f40
Event: 0.564 Thread 0x00000203ca6bd160 Thread added: 0x00000203ca6bd160
Event: 1.229 Thread 0x00000203ca8f4430 Thread added: 0x00000203ca8f4430
Event: 1.240 Thread 0x00000203ca8f4e70 Thread added: 0x00000203ca8f4e70


Dynamic libraries:
0x00007ff7064f0000 - 0x00007ff706500000 	C:\Program Files\Java\jdk-20\bin\java.exe
0x00007ff91aab0000 - 0x00007ff91aca8000 	C:\WINDOWS\SYSTEM32\ntdll.dll
0x00007ff918cf0000 - 0x00007ff918dad000 	C:\WINDOWS\System32\KERNEL32.DLL
0x00007ff9185f0000 - 0x00007ff9188e6000 	C:\WINDOWS\System32\KERNELBASE.dll
0x00007ff918370000 - 0x00007ff918470000 	C:\WINDOWS\System32\ucrtbase.dll
0x00007ff912550000 - 0x00007ff912569000 	C:\Program Files\Java\jdk-20\bin\jli.dll
0x00007ff912530000 - 0x00007ff91254b000 	C:\Program Files\Java\jdk-20\bin\VCRUNTIME140.dll
0x00007ff919b70000 - 0x00007ff919c20000 	C:\WINDOWS\System32\ADVAPI32.dll
0x00007ff918db0000 - 0x00007ff918e4e000 	C:\WINDOWS\System32\msvcrt.dll
0x00007ff918c10000 - 0x00007ff918cb0000 	C:\WINDOWS\System32\sechost.dll
0x00007ff919100000 - 0x00007ff919223000 	C:\WINDOWS\System32\RPCRT4.dll
0x00007ff918470000 - 0x00007ff918497000 	C:\WINDOWS\System32\bcrypt.dll
0x00007ff91a500000 - 0x00007ff91a69f000 	C:\WINDOWS\System32\USER32.dll
0x00007ff9184a0000 - 0x00007ff9184c2000 	C:\WINDOWS\System32\win32u.dll
0x00007ff918f10000 - 0x00007ff918f3b000 	C:\WINDOWS\System32\GDI32.dll
0x00007ff9184d0000 - 0x00007ff9185e7000 	C:\WINDOWS\System32\gdi32full.dll
0x00007ff9069a0000 - 0x00007ff906c3a000 	C:\WINDOWS\WinSxS\amd64_microsoft.windows.common-controls_6595b64144ccf1df_6.0.19041.3636_none_60b6a03d71f818d5\COMCTL32.dll
0x00007ff9189d0000 - 0x00007ff918a6d000 	C:\WINDOWS\System32\msvcp_win.dll
0x00007ff911490000 - 0x00007ff91149a000 	C:\WINDOWS\SYSTEM32\VERSION.dll
0x00007ff918cb0000 - 0x00007ff918ce2000 	C:\WINDOWS\System32\IMM32.DLL
0x00007ff912520000 - 0x00007ff91252c000 	C:\Program Files\Java\jdk-20\bin\vcruntime140_1.dll
0x00007ff9123f0000 - 0x00007ff91247e000 	C:\Program Files\Java\jdk-20\bin\msvcp140.dll
0x00007ff88a9b0000 - 0x00007ff88b648000 	C:\Program Files\Java\jdk-20\bin\server\jvm.dll
0x00007ff902440000 - 0x00007ff902467000 	C:\WINDOWS\SYSTEM32\WINMM.dll
0x00007ff909100000 - 0x00007ff909109000 	C:\WINDOWS\SYSTEM32\WSOCK32.dll
0x00007ff919b00000 - 0x00007ff919b6b000 	C:\WINDOWS\System32\WS2_32.dll
0x00007ff916940000 - 0x00007ff916952000 	C:\WINDOWS\SYSTEM32\kernel.appcore.dll
0x00007ff911400000 - 0x00007ff91140a000 	C:\Program Files\Java\jdk-20\bin\jimage.dll
0x00007ff916660000 - 0x00007ff916844000 	C:\WINDOWS\SYSTEM32\DBGHELP.DLL
0x00007ff900660000 - 0x00007ff900694000 	C:\WINDOWS\SYSTEM32\dbgcore.DLL
0x00007ff918940000 - 0x00007ff9189c2000 	C:\WINDOWS\System32\bcryptPrimitives.dll
0x00007ff9113d0000 - 0x00007ff9113f6000 	C:\Program Files\Java\jdk-20\bin\java.dll
0x00007ff9112f0000 - 0x00007ff9113c7000 	C:\Program Files\Java\jdk-20\bin\jsvml.dll
0x00007ff919c20000 - 0x00007ff91a38b000 	C:\WINDOWS\System32\SHELL32.dll
0x00007ff915df0000 - 0x00007ff91658e000 	C:\WINDOWS\SYSTEM32\windows.storage.dll
0x00007ff91a710000 - 0x00007ff91aa63000 	C:\WINDOWS\System32\combase.dll
0x00007ff917ab0000 - 0x00007ff917ade000 	C:\WINDOWS\SYSTEM32\Wldp.dll
0x00007ff9198b0000 - 0x00007ff91997d000 	C:\WINDOWS\System32\OLEAUT32.dll
0x00007ff918e50000 - 0x00007ff918efd000 	C:\WINDOWS\System32\SHCORE.dll
0x00007ff91a390000 - 0x00007ff91a3e5000 	C:\WINDOWS\System32\shlwapi.dll
0x00007ff918090000 - 0x00007ff9180b3000 	C:\WINDOWS\SYSTEM32\profapi.dll
0x00007ff9112d0000 - 0x00007ff9112e3000 	C:\Program Files\Java\jdk-20\bin\net.dll
0x00007ff90e360000 - 0x00007ff90e46a000 	C:\WINDOWS\SYSTEM32\WINHTTP.dll
0x00007ff917890000 - 0x00007ff9178fa000 	C:\WINDOWS\system32\mswsock.dll
0x00007ff9112b0000 - 0x00007ff9112c6000 	C:\Program Files\Java\jdk-20\bin\nio.dll
0x00007ff911290000 - 0x00007ff9112a8000 	C:\Program Files\Java\jdk-20\bin\zip.dll
0x00007ff911280000 - 0x00007ff911290000 	C:\Program Files\Java\jdk-20\bin\verify.dll

dbghelp: loaded successfully - version: 4.0.5 - missing functions: none
symbol engine: initialized successfully - sym options: 0x614 - pdb path: .;C:\Program Files\Java\jdk-20\bin;C:\WINDOWS\SYSTEM32;C:\WINDOWS\WinSxS\amd64_microsoft.windows.common-controls_6595b64144ccf1df_6.0.19041.3636_none_60b6a03d71f818d5;C:\Program Files\Java\jdk-20\bin\server

VM Arguments:
java_command: org.languagetool.server.HTTPServer -p 8081
java_class_path (initial): C:\Users\abhi\.cache\language_tool_python\LanguageTool-6.4\languagetool-server.jar
Launcher Type: SUN_STANDARD

[Global flags]
     intx CICompilerCount                          = 3                                         {product} {ergonomic}
     uint ConcGCThreads                            = 1                                         {product} {ergonomic}
     uint G1ConcRefinementThreads                  = 4                                         {product} {ergonomic}
   size_t G1HeapRegionSize                         = 2097152                                   {product} {ergonomic}
    uintx GCDrainStackTargetSize                   = 64                                        {product} {ergonomic}
   size_t InitialHeapSize                          = 192937984                                 {product} {ergonomic}
   size_t MarkStackSize                            = 4194304                                   {product} {ergonomic}
   size_t MaxHeapSize                              = 3070230528                                {product} {ergonomic}
   size_t MaxNewSize                               = 1841299456                                {product} {ergonomic}
   size_t MinHeapDeltaBytes                        = 2097152                                   {product} {ergonomic}
   size_t MinHeapSize                              = 8388608                                   {product} {ergonomic}
    uintx NonNMethodCodeHeapSize                   = 5832780                                {pd product} {ergonomic}
    uintx NonProfiledCodeHeapSize                  = 122912730                              {pd product} {ergonomic}
    uintx ProfiledCodeHeapSize                     = 122912730                              {pd product} {ergonomic}
    uintx ReservedCodeCacheSize                    = 251658240                              {pd product} {ergonomic}
     bool SegmentedCodeCache                       = true                                      {product} {ergonomic}
   size_t SoftMaxHeapSize                          = 3070230528                             {manageable} {ergonomic}
     bool UseCompressedClassPointers               = true                           {product lp64_product} {ergonomic}
     bool UseCompressedOops                        = true                           {product lp64_product} {ergonomic}
     bool UseG1GC                                  = true                                      {product} {ergonomic}
     bool UseLargePagesIndividualAllocation        = false                                  {pd product} {ergonomic}

Logging:
Log output configuration:
 #0: stdout all=warning uptime,level,tags foldmultilines=false
 #1: stderr all=off uptime,level,tags foldmultilines=false

Environment Variables:
JAVA_HOME=C:\Program Files\Java\jdk-20
PATH=C:\Users\abhi\.conda\envs\pyProgrammingEnv;C:\Users\abhi\.conda\envs\pyProgrammingEnv\Library\mingw-w64\bin;C:\Users\abhi\.conda\envs\pyProgrammingEnv\Library\usr\bin;C:\Users\abhi\.conda\envs\pyProgrammingEnv\Library\bin;C:\Users\abhi\.conda\envs\pyProgrammingEnv\Scripts;C:\Program Files\Common Files\Oracle\Java\javapath;C:\WINDOWS\system32;C:\WINDOWS;C:\WINDOWS\System32\Wbem;C:\WINDOWS\System32\WindowsPowerShell\v1.0\;C:\WINDOWS\System32\OpenSSH\;C:\Users\abhi\AppData\Local\Microsoft\WindowsApps;C:\adb;C:\Program Files\Java\jdk-20\bin;C:\Program Files\Common Files\Oracle\Java\javapath;C:\Program Files\apache-maven-3.9.3-bin\apache-maven-3.9.3\bin;C:\Program Files\Git\cmd;C:\WINDOWS\syswow64\config\systemprofile\.kube\config;C:\Program Files\Docker\Docker\resources\bin;C:\ProgramData\chocolatey\bin;C:\Program Files\nodejs\;C:\Program Files\MongoDB\Server\7.0\bin;C:\Program Files\MongoDB\mongosh-2.2.3-win32-x64\bin;C:\Users\abhi\AppData\Local\Programs\Python\Python312\Scripts\;C:\Users\abhi\AppData\Local\Programs\Python\Python312\;C:\Program Files\MySQL\MySQL Shell 8.0\bin\;C:\Users\abhi\AppData\Local\Microsoft\WindowsApps;C:\Users\abhi\AppData\Local\Programs\Microsoft VS Code\bin;C:\Users\abhi\.kube\config;C:\ProgramData\chocolatey\bin;C:\Users\abhi\AppData\Roaming\npm
USERNAME=abhi
LANG=en
TERM=xterm-color
OS=Windows_NT
PROCESSOR_IDENTIFIER=Intel64 Family 6 Model 142 Stepping 9, GenuineIntel
TMP=C:\Users\abhi\AppData\Local\Temp
TEMP=C:\Users\abhi\AppData\Local\Temp




---------------  S Y S T E M  ---------------

OS:
 Windows 10 , 64 bit Build 19041 (10.0.19041.3636)
OS uptime: 16 days 23:49 hours
Hyper-V role detected

CPU: total 4 (initial active 4) (2 cores per cpu, 2 threads per core) family 6 model 142 stepping 9 microcode 0xea, cx8, cmov, fxsr, ht, mmx, 3dnowpref, sse, sse2, sse3, ssse3, sse4.1, sse4.2, popcnt, lzcnt, tsc, tscinvbit, avx, avx2, aes, erms, clmul, bmi1, bmi2, adx, fma, vzeroupper, clflush, clflushopt, hv, rdtscp, f16c

Memory: 4k page, system-wide physical 11709M (1054M free)
TotalPageFile size 18996M (AvailPageFile size 186M)
current process WorkingSet (physical memory assigned to process): 295M, peak: 295M
current process commit charge ("private bytes"): 365M, peak: 865M

vm_info: Java HotSpot(TM) 64-Bit Server VM (20.0.2+9-78) for windows-amd64 JRE (20.0.2+9-78), built on 2023-06-14T10:08:48Z by "mach5one" with MS VC++ 17.1 (VS2022)

END.
